2019-06-13 17:09:02,235 INFO [geoserver.wfs] - 
Request: getServiceInfo
2019-06-13 17:09:02,238 INFO [geoserver.flow] - Control-flow inactive, there are no configured rules
2019-06-13 17:09:02,242 INFO [geoserver.wfs] - 
Request: getFeature
    service = WFS
    version = 1.0.0
    baseUrl = http://localhost:8082/geoserver/
    query[0]:
        typeName[0] = {RLS}M2_INVERT_DATA
    maxFeatures = 1
    outputFormat = csv
    resultType = results
2019-06-13 17:09:02,270 INFO [geoserver.filters] - 13.55.155.205 "GET /geoserver/wfs?service=WFS&version=1.0.0&request=GetFeature&maxFeatures=1&outputFormat=csv&typeName=RLS:M2_INVERT_DATA" took 48ms
2019-06-13 17:12:35,827 INFO [geoserver.filters] - 13.55.155.205 "GET /geoserver/wfs?service=WFS&version=1.0.0&request=GetFeature&maxFeatures=1&outputFormat=csv&typeName=RLS:M2_FISH_DATA" "Java/1.8.0_212" "" "" 
2019-06-13 17:12:35,845 INFO [geoserver.wfs] - 
Request: getServiceInfo
2019-06-13 17:12:35,847 INFO [geoserver.flow] - Control-flow inactive, there are no configured rules
2019-06-13 17:12:35,851 INFO [geoserver.wfs] - 
Request: getFeature
    service = WFS
    version = 1.0.0
    baseUrl = http://localhost:8082/geoserver/
    query[0]:
        typeName[0] = {RLS}M2_FISH_DATA
    maxFeatures = 1
    outputFormat = csv
    resultType = results
2019-06-13 17:12:35,942 INFO [geoserver.filters] - 13.55.155.205 "GET /geoserver/wfs?service=WFS&version=1.0.0&request=GetFeature&maxFeatures=1&outputFormat=csv&typeName=RLS:M2_FISH_DATA" took 112ms
2019-06-13 17:13:40,323 INFO [geoserver.filters] - 13.55.155.205 "GET /geoserver/wfs?service=WFS&version=1.0.0&request=GetFeature&maxFeatures=1&outputFormat=csv&typeName=RLS:M3_DATA" "Java/1.8.0_212" "" "" 
2019-06-13 17:13:40,331 INFO [geoserver.wfs] - 
Request: getServiceInfo
2019-06-13 17:13:40,332 INFO [geoserver.flow] - Control-flow inactive, there are no configured rules
2019-06-13 17:13:40,333 INFO [geoserver.wfs] - 
Request: getFeature
    service = WFS
    version = 1.0.0
    baseUrl = http://localhost:8082/geoserver/
    query[0]:
        typeName[0] = {RLS}M3_DATA
    maxFeatures = 1
    outputFormat = csv
    resultType = results
2019-06-13 17:13:40,345 INFO [geoserver.filters] - 13.55.155.205 "GET /geoserver/wfs?service=WFS&version=1.0.0&request=GetFeature&maxFeatures=1&outputFormat=csv&typeName=RLS:M3_DATA" took 22ms
2019-06-13 17:16:22,473 INFO [geoserver.filters] - 52.62.194.9 "GET /geoserver/wfs?service=WFS&version=1.0.0&request=GetFeature&maxFeatures=1&outputFormat=csv&typeName=RLS:M1_DATA" "Java/1.8.0_212" "" "" 
2019-06-13 17:16:22,486 INFO [geoserver.wfs] - 
Request: getServiceInfo
2019-06-13 17:16:22,488 INFO [geoserver.flow] - Control-flow inactive, there are no configured rules
2019-06-13 17:16:22,492 INFO [geoserver.wfs] - 
Request: getFeature
    service = WFS
    version = 1.0.0
    baseUrl = http://localhost:8082/geoserver/
    query[0]:
        typeName[0] = {RLS}M1_DATA
    maxFeatures = 1
    outputFormat = csv
    resultType = results
2019-06-13 17:16:22,521 INFO [geoserver.filters] - 52.62.194.9 "GET /geoserver/wfs?service=WFS&version=1.0.0&request=GetFeature&maxFeatures=1&outputFormat=csv&typeName=RLS:M1_DATA" took 48ms
2019-06-13 17:19:27,691 INFO [geoserver.filters] - 52.62.194.9 "GET /geoserver/wfs?service=WFS&version=1.0.0&request=GetFeature&maxFeatures=1&outputFormat=csv&typeName=RLS:M2_INVERT_DATA" "Java/1.8.0_212" "" "" 
2019-06-13 17:19:27,704 INFO [geoserver.wfs] - 
Request: getServiceInfo
2019-06-13 17:19:27,707 INFO [geoserver.flow] - Control-flow inactive, there are no configured rules
2019-06-13 17:19:27,711 INFO [geoserver.wfs] - 
Request: getFeature
    service = WFS
    version = 1.0.0
    baseUrl = http://localhost:8082/geoserver/
    query[0]:
        typeName[0] = {RLS}M2_INVERT_DATA
    maxFeatures = 1
    outputFormat = csv
    resultType = results
2019-06-13 17:19:27,739 INFO [geoserver.filters] - 52.62.194.9 "GET /geoserver/wfs?service=WFS&version=1.0.0&request=GetFeature&maxFeatures=1&outputFormat=csv&typeName=RLS:M2_INVERT_DATA" took 48ms
2019-06-13 17:22:50,864 INFO [geoserver.filters] - 52.62.194.9 "GET /geoserver/wfs?service=WFS&version=1.0.0&request=GetFeature&maxFeatures=1&outputFormat=csv&typeName=RLS:M2_FISH_DATA" "Java/1.8.0_212" "" "" 
2019-06-13 17:22:50,877 INFO [geoserver.wfs] - 
Request: getServiceInfo
2019-06-13 17:22:50,880 INFO [geoserver.flow] - Control-flow inactive, there are no configured rules
2019-06-13 17:22:50,884 INFO [geoserver.wfs] - 
Request: getFeature
    service = WFS
    version = 1.0.0
    baseUrl = http://localhost:8082/geoserver/
    query[0]:
        typeName[0] = {RLS}M2_FISH_DATA
    maxFeatures = 1
    outputFormat = csv
    resultType = results
2019-06-13 17:22:50,918 INFO [geoserver.filters] - 52.62.194.9 "GET /geoserver/wfs?service=WFS&version=1.0.0&request=GetFeature&maxFeatures=1&outputFormat=csv&typeName=RLS:M2_FISH_DATA" took 54ms
2019-06-13 17:23:49,355 INFO [geoserver.filters] - 52.62.194.9 "GET /geoserver/wfs?service=WFS&version=1.0.0&request=GetFeature&maxFeatures=1&outputFormat=csv&typeName=RLS:M3_DATA" "Java/1.8.0_212" "" "" 
2019-06-13 17:23:49,366 INFO [geoserver.wfs] - 
Request: getServiceInfo
2019-06-13 17:23:49,367 INFO [geoserver.flow] - Control-flow inactive, there are no configured rules
2019-06-13 17:23:49,368 INFO [geoserver.wfs] - 
Request: getFeature
    service = WFS
    version = 1.0.0
    baseUrl = http://localhost:8082/geoserver/
    query[0]:
        typeName[0] = {RLS}M3_DATA
    maxFeatures = 1
    outputFormat = csv
    resultType = results
2019-06-13 17:23:49,380 INFO [geoserver.filters] - 52.62.194.9 "GET /geoserver/wfs?service=WFS&version=1.0.0&request=GetFeature&maxFeatures=1&outputFormat=csv&typeName=RLS:M3_DATA" took 25ms
2019-06-13 17:29:15,743 INFO [geoserver.filters] - 13.55.155.205 "GET /geoserver/wfs?service=WFS&version=1.0.0&request=GetFeature&maxFeatures=1&outputFormat=csv&typeName=RLS:M1_DATA" "Java/1.8.0_212" "" "" 
2019-06-13 17:29:15,756 INFO [geoserver.wfs] - 
Request: getServiceInfo
2019-06-13 17:29:15,759 INFO [geoserver.flow] - Control-flow inactive, there are no configured rules
2019-06-13 17:29:15,763 INFO [geoserver.wfs] - 
Request: getFeature
    service = WFS
    version = 1.0.0
    baseUrl = http://localhost:8082/geoserver/
    query[0]:
        typeName[0] = {RLS}M1_DATA
    maxFeatures = 1
    outputFormat = csv
    resultType = results
2019-06-13 17:29:15,792 INFO [geoserver.filters] - 13.55.155.205 "GET /geoserver/wfs?service=WFS&version=1.0.0&request=GetFeature&maxFeatures=1&outputFormat=csv&typeName=RLS:M1_DATA" took 49ms
2019-06-13 17:32:07,841 INFO [geoserver.filters] - 13.55.155.205 "GET /geoserver/wfs?service=WFS&version=1.0.0&request=GetFeature&maxFeatures=1&outputFormat=csv&typeName=RLS:M2_INVERT_DATA" "Java/1.8.0_212" "" "" 
2019-06-13 17:32:07,856 INFO [geoserver.wfs] - 
Request: getServiceInfo
2019-06-13 17:32:07,858 INFO [geoserver.flow] - Control-flow inactive, there are no configured rules
2019-06-13 17:32:07,862 INFO [geoserver.wfs] - 
Request: getFeature
    service = WFS
    version = 1.0.0
    baseUrl = http://localhost:8082/geoserver/
    query[0]:
        typeName[0] = {RLS}M2_INVERT_DATA
    maxFeatures = 1
    outputFormat = csv
    resultType = results
2019-06-13 17:32:08,490 INFO [geoserver.filters] - 13.55.155.205 "GET /geoserver/wfs?service=WFS&version=1.0.0&request=GetFeature&maxFeatures=1&outputFormat=csv&typeName=RLS:M2_INVERT_DATA" took 649ms
2019-06-13 17:34:58,346 INFO [geoserver.filters] - 13.55.155.205 "GET /geoserver/wfs?service=WFS&version=1.0.0&request=GetFeature&maxFeatures=1&outputFormat=csv&typeName=RLS:M2_FISH_DATA" "Java/1.8.0_212" "" "" 
2019-06-13 17:34:58,359 INFO [geoserver.wfs] - 
Request: getServiceInfo
2019-06-13 17:34:58,361 INFO [geoserver.flow] - Control-flow inactive, there are no configured rules
2019-06-13 17:34:58,365 INFO [geoserver.wfs] - 
Request: getFeature
    service = WFS
    version = 1.0.0
    baseUrl = http://localhost:8082/geoserver/
    query[0]:
        typeName[0] = {RLS}M2_FISH_DATA
    maxFeatures = 1
    outputFormat = csv
    resultType = results
2019-06-13 17:34:58,392 INFO [geoserver.filters] - 13.55.155.205 "GET /geoserver/wfs?service=WFS&version=1.0.0&request=GetFeature&maxFeatures=1&outputFormat=csv&typeName=RLS:M2_FISH_DATA" took 46ms
2019-06-13 17:35:56,403 INFO [geoserver.filters] - 13.55.155.205 "GET /geoserver/wfs?service=WFS&version=1.0.0&request=GetFeature&maxFeatures=1&outputFormat=csv&typeName=RLS:M3_DATA" "Java/1.8.0_212" "" "" 
2019-06-13 17:35:56,410 INFO [geoserver.wfs] - 
Request: getServiceInfo
2019-06-13 17:35:56,410 INFO [geoserver.flow] - Control-flow inactive, there are no configured rules
2019-06-13 17:35:56,411 INFO [geoserver.wfs] - 
Request: getFeature
    service = WFS
    version = 1.0.0
    baseUrl = http://localhost:8082/geoserver/
    query[0]:
        typeName[0] = {RLS}M3_DATA
    maxFeatures = 1
    outputFormat = csv
    resultType = results
2019-06-13 17:35:56,423 INFO [geoserver.filters] - 13.55.155.205 "GET /geoserver/wfs?service=WFS&version=1.0.0&request=GetFeature&maxFeatures=1&outputFormat=csv&typeName=RLS:M3_DATA" took 20ms
2019-06-13 17:39:10,584 INFO [geoserver.filters] - 52.62.194.9 "GET /geoserver/wfs?service=WFS&version=1.0.0&request=GetFeature&maxFeatures=1&outputFormat=csv&typeName=RLS:M1_DATA" "Java/1.8.0_212" "" "" 
2019-06-13 17:39:10,594 INFO [geoserver.wfs] - 
Request: getServiceInfo
2019-06-13 17:39:10,596 INFO [geoserver.flow] - Control-flow inactive, there are no configured rules
2019-06-13 17:39:10,598 INFO [geoserver.wfs] - 
Request: getFeature
    service = WFS
    version = 1.0.0
    baseUrl = http://localhost:8082/geoserver/
    query[0]:
        typeName[0] = {RLS}M1_DATA
    maxFeatures = 1
    outputFormat = csv
    resultType = results
2019-06-13 17:39:10,632 INFO [geoserver.filters] - 52.62.194.9 "GET /geoserver/wfs?service=WFS&version=1.0.0&request=GetFeature&maxFeatures=1&outputFormat=csv&typeName=RLS:M1_DATA" took 48ms
2019-06-13 17:41:57,939 INFO [geoserver.filters] - 52.62.194.9 "GET /geoserver/wfs?service=WFS&version=1.0.0&request=GetFeature&maxFeatures=1&outputFormat=csv&typeName=RLS:M2_INVERT_DATA" "Java/1.8.0_212" "" "" 
2019-06-13 17:41:57,951 INFO [geoserver.wfs] - 
Request: getServiceInfo
2019-06-13 17:41:57,952 INFO [geoserver.flow] - Control-flow inactive, there are no configured rules
2019-06-13 17:41:57,955 INFO [geoserver.wfs] - 
Request: getFeature
    service = WFS
    version = 1.0.0
    baseUrl = http://localhost:8082/geoserver/
    query[0]:
        typeName[0] = {RLS}M2_INVERT_DATA
    maxFeatures = 1
    outputFormat = csv
    resultType = results
2019-06-13 17:41:57,982 INFO [geoserver.filters] - 52.62.194.9 "GET /geoserver/wfs?service=WFS&version=1.0.0&request=GetFeature&maxFeatures=1&outputFormat=csv&typeName=RLS:M2_INVERT_DATA" took 43ms
2019-06-13 17:44:50,813 INFO [geoserver.filters] - 52.62.194.9 "GET /geoserver/wfs?service=WFS&version=1.0.0&request=GetFeature&maxFeatures=1&outputFormat=csv&typeName=RLS:M2_FISH_DATA" "Java/1.8.0_212" "" "" 
2019-06-13 17:44:50,826 INFO [geoserver.wfs] - 
Request: getServiceInfo
2019-06-13 17:44:50,828 INFO [geoserver.flow] - Control-flow inactive, there are no configured rules
2019-06-13 17:44:50,832 INFO [geoserver.wfs] - 
Request: getFeature
    service = WFS
    version = 1.0.0
    baseUrl = http://localhost:8082/geoserver/
    query[0]:
        typeName[0] = {RLS}M2_FISH_DATA
    maxFeatures = 1
    outputFormat = csv
    resultType = results
2019-06-13 17:44:50,860 INFO [geoserver.filters] - 52.62.194.9 "GET /geoserver/wfs?service=WFS&version=1.0.0&request=GetFeature&maxFeatures=1&outputFormat=csv&typeName=RLS:M2_FISH_DATA" took 47ms
2019-06-13 17:45:49,524 INFO [geoserver.filters] - 52.62.194.9 "GET /geoserver/wfs?service=WFS&version=1.0.0&request=GetFeature&maxFeatures=1&outputFormat=csv&typeName=RLS:M3_DATA" "Java/1.8.0_212" "" "" 
2019-06-13 17:45:49,532 INFO [geoserver.wfs] - 
Request: getServiceInfo
2019-06-13 17:45:49,533 INFO [geoserver.flow] - Control-flow inactive, there are no configured rules
2019-06-13 17:45:49,534 INFO [geoserver.wfs] - 
Request: getFeature
    service = WFS
    version = 1.0.0
    baseUrl = http://localhost:8082/geoserver/
    query[0]:
        typeName[0] = {RLS}M3_DATA
    maxFeatures = 1
    outputFormat = csv
    resultType = results
2019-06-13 17:45:49,547 INFO [geoserver.filters] - 52.62.194.9 "GET /geoserver/wfs?service=WFS&version=1.0.0&request=GetFeature&maxFeatures=1&outputFormat=csv&typeName=RLS:M3_DATA" took 23ms
2019-06-13 17:50:55,983 INFO [geoserver.filters] - 13.55.155.205 "GET /geoserver/wfs?service=WFS&version=1.0.0&request=GetFeature&maxFeatures=1&outputFormat=csv&typeName=RLS:M1_DATA" "Java/1.8.0_212" "" "" 
2019-06-13 17:50:55,997 INFO [geoserver.wfs] - 
Request: getServiceInfo
2019-06-13 17:50:55,999 INFO [geoserver.flow] - Control-flow inactive, there are no configured rules
2019-06-13 17:50:56,003 INFO [geoserver.wfs] - 
Request: getFeature
    service = WFS
    version = 1.0.0
    baseUrl = http://localhost:8082/geoserver/
    query[0]:
        typeName[0] = {RLS}M1_DATA
    maxFeatures = 1
    outputFormat = csv
    resultType = results
2019-06-13 17:50:56,032 INFO [geoserver.filters] - 13.55.155.205 "GET /geoserver/wfs?service=WFS&version=1.0.0&request=GetFeature&maxFeatures=1&outputFormat=csv&typeName=RLS:M1_DATA" took 49ms
2019-06-13 17:53:46,112 INFO [geoserver.filters] - 13.55.155.205 "GET /geoserver/wfs?service=WFS&version=1.0.0&request=GetFeature&maxFeatures=1&outputFormat=csv&typeName=RLS:M2_INVERT_DATA" "Java/1.8.0_212" "" "" 
2019-06-13 17:53:46,121 INFO [geoserver.wfs] - 
Request: getServiceInfo
2019-06-13 17:53:46,121 INFO [geoserver.flow] - Control-flow inactive, there are no configured rules
2019-06-13 17:53:46,123 INFO [geoserver.wfs] - 
Request: getFeature
    service = WFS
    version = 1.0.0
    baseUrl = http://localhost:8082/geoserver/
    query[0]:
        typeName[0] = {RLS}M2_INVERT_DATA
    maxFeatures = 1
    outputFormat = csv
    resultType = results
2019-06-13 17:53:46,144 INFO [geoserver.filters] - 13.55.155.205 "GET /geoserver/wfs?service=WFS&version=1.0.0&request=GetFeature&maxFeatures=1&outputFormat=csv&typeName=RLS:M2_INVERT_DATA" took 32ms
2019-06-13 17:56:39,024 INFO [geoserver.filters] - 13.55.155.205 "GET /geoserver/wfs?service=WFS&version=1.0.0&request=GetFeature&maxFeatures=1&outputFormat=csv&typeName=RLS:M2_FISH_DATA" "Java/1.8.0_212" "" "" 
2019-06-13 17:56:39,037 INFO [geoserver.wfs] - 
Request: getServiceInfo
2019-06-13 17:56:39,039 INFO [geoserver.flow] - Control-flow inactive, there are no configured rules
2019-06-13 17:56:39,043 INFO [geoserver.wfs] - 
Request: getFeature
    service = WFS
    version = 1.0.0
    baseUrl = http://localhost:8082/geoserver/
    query[0]:
        typeName[0] = {RLS}M2_FISH_DATA
    maxFeatures = 1
    outputFormat = csv
    resultType = results
2019-06-13 17:56:39,071 INFO [geoserver.filters] - 13.55.155.205 "GET /geoserver/wfs?service=WFS&version=1.0.0&request=GetFeature&maxFeatures=1&outputFormat=csv&typeName=RLS:M2_FISH_DATA" took 46ms
2019-06-13 17:57:37,273 INFO [geoserver.filters] - 13.55.155.205 "GET /geoserver/wfs?service=WFS&version=1.0.0&request=GetFeature&maxFeatures=1&outputFormat=csv&typeName=RLS:M3_DATA" "Java/1.8.0_212" "" "" 
2019-06-13 17:57:37,282 INFO [geoserver.wfs] - 
Request: getServiceInfo
2019-06-13 17:57:37,283 INFO [geoserver.flow] - Control-flow inactive, there are no configured rules
2019-06-13 17:57:37,283 INFO [geoserver.wfs] - 
Request: getFeature
    service = WFS
    version = 1.0.0
    baseUrl = http://localhost:8082/geoserver/
    query[0]:
        typeName[0] = {RLS}M3_DATA
    maxFeatures = 1
    outputFormat = csv
    resultType = results
2019-06-13 17:57:37,296 INFO [geoserver.filters] - 13.55.155.205 "GET /geoserver/wfs?service=WFS&version=1.0.0&request=GetFeature&maxFeatures=1&outputFormat=csv&typeName=RLS:M3_DATA" took 23ms
